<?xml version="1.0" encoding="UTF-8"?>
<!-- Generated by org.testng.reporters.JUnitReportReporter -->
<testsuite hostname="LAPTOP-C0BSJDOU" failures="0" tests="1" name="test.Souledstoretest1" time="16.209" errors="0" timestamp="2023-07-05T15:35:38 IST" skipped="0">
  <testcase classname="test.Souledstoretest1" name="thesouledstoretest" time="16.209"/>
  <system-out/>
</testsuite> <!-- test.Souledstoretest1 -->
